{"/Users/gapstars/Sites/ElexChain/server/controllers/user.controller.js": {"path":"/Users/gapstars/Sites/ElexChain/server/controllers/user.controller.js","statementMap":{"0":{"start":{"line":1,"column":20},"end":{"line":1,"column":55}},"1":{"start":{"line":9,"column":4},"end":{"line":9,"column":39}},"2":{"start":{"line":10,"column":20},"end":{"line":10,"column":47}},"3":{"start":{"line":11,"column":15},"end":{"line":11,"column":42}},"4":{"start":{"line":12,"column":17},"end":{"line":12,"column":43}},"5":{"start":{"line":21,"column":15},"end":{"line":51,"column":1}},"6":{"start":{"line":22,"column":2},"end":{"line":22,"column":52}},"7":{"start":{"line":23,"column":15},"end":{"line":23,"column":23}},"8":{"start":{"line":25,"column":2},"end":{"line":27,"column":3}},"9":{"start":{"line":26,"column":4},"end":{"line":26,"column":51}},"10":{"start":{"line":29,"column":2},"end":{"line":50,"column":3}},"11":{"start":{"line":30,"column":4},"end":{"line":30,"column":69}},"12":{"start":{"line":31,"column":9},"end":{"line":50,"column":3}},"13":{"start":{"line":32,"column":4},"end":{"line":32,"column":65}},"14":{"start":{"line":36,"column":4},"end":{"line":36,"column":57}},"15":{"start":{"line":37,"column":4},"end":{"line":39,"column":5}},"16":{"start":{"line":38,"column":6},"end":{"line":38,"column":58}},"17":{"start":{"line":41,"column":4},"end":{"line":49,"column":6}},"18":{"start":{"line":52,"column":0},"end":{"line":52,"column":31}},"19":{"start":{"line":61,"column":22},"end":{"line":95,"column":1}},"20":{"start":{"line":62,"column":2},"end":{"line":62,"column":49}},"21":{"start":{"line":64,"column":2},"end":{"line":64,"column":18}},"22":{"start":{"line":65,"column":13},"end":{"line":65,"column":21}},"23":{"start":{"line":67,"column":2},"end":{"line":67,"column":23}},"24":{"start":{"line":68,"column":2},"end":{"line":68,"column":23}},"25":{"start":{"line":69,"column":2},"end":{"line":69,"column":26}},"26":{"start":{"line":70,"column":2},"end":{"line":70,"column":35}},"27":{"start":{"line":71,"column":2},"end":{"line":71,"column":41}},"28":{"start":{"line":72,"column":2},"end":{"line":72,"column":37}},"29":{"start":{"line":74,"column":2},"end":{"line":74,"column":17}},"30":{"start":{"line":76,"column":2},"end":{"line":76,"column":38}},"31":{"start":{"line":77,"column":2},"end":{"line":88,"column":3}},"32":{"start":{"line":78,"column":4},"end":{"line":86,"column":5}},"33":{"start":{"line":79,"column":6},"end":{"line":85,"column":7}},"34":{"start":{"line":80,"column":8},"end":{"line":80,"column":65}},"35":{"start":{"line":81,"column":13},"end":{"line":85,"column":7}},"36":{"start":{"line":82,"column":8},"end":{"line":82,"column":64}},"37":{"start":{"line":84,"column":8},"end":{"line":84,"column":63}},"38":{"start":{"line":87,"column":4},"end":{"line":87,"column":56}},"39":{"start":{"line":90,"column":2},"end":{"line":94,"column":4}},"40":{"start":{"line":96,"column":0},"end":{"line":96,"column":45}},"41":{"start":{"line":105,"column":19},"end":{"line":120,"column":1}},"42":{"start":{"line":106,"column":2},"end":{"line":106,"column":52}},"43":{"start":{"line":107,"column":13},"end":{"line":107,"column":21}},"44":{"start":{"line":108,"column":2},"end":{"line":108,"column":37}},"45":{"start":{"line":110,"column":16},"end":{"line":110,"column":39}},"46":{"start":{"line":112,"column":2},"end":{"line":119,"column":4}},"47":{"start":{"line":121,"column":0},"end":{"line":121,"column":39}},"48":{"start":{"line":130,"column":14},"end":{"line":165,"column":1}},"49":{"start":{"line":133,"column":2},"end":{"line":135,"column":3}},"50":{"start":{"line":134,"column":4},"end":{"line":134,"column":51}},"51":{"start":{"line":137,"column":2},"end":{"line":137,"column":57}},"52":{"start":{"line":138,"column":2},"end":{"line":140,"column":3}},"53":{"start":{"line":139,"column":4},"end":{"line":139,"column":56}},"54":{"start":{"line":142,"column":14},"end":{"line":142,"column":27}},"55":{"start":{"line":143,"column":14},"end":{"line":143,"column":63}},"56":{"start":{"line":145,"column":2},"end":{"line":153,"column":3}},"57":{"start":{"line":146,"column":4},"end":{"line":152,"column":7}},"58":{"start":{"line":155,"column":2},"end":{"line":164,"column":4}},"59":{"start":{"line":166,"column":0},"end":{"line":166,"column":29}},"60":{"start":{"line":175,"column":26},"end":{"line":190,"column":1}},"61":{"start":{"line":178,"column":2},"end":{"line":178,"column":66}},"62":{"start":{"line":179,"column":2},"end":{"line":181,"column":3}},"63":{"start":{"line":180,"column":4},"end":{"line":180,"column":56}},"64":{"start":{"line":183,"column":2},"end":{"line":183,"column":22}},"65":{"start":{"line":185,"column":2},"end":{"line":189,"column":4}},"66":{"start":{"line":191,"column":0},"end":{"line":191,"column":53}},"67":{"start":{"line":200,"column":27},"end":{"line":215,"column":1}},"68":{"start":{"line":203,"column":2},"end":{"line":203,"column":67}},"69":{"start":{"line":204,"column":2},"end":{"line":206,"column":3}},"70":{"start":{"line":205,"column":4},"end":{"line":205,"column":56}},"71":{"start":{"line":208,"column":2},"end":{"line":208,"column":22}},"72":{"start":{"line":210,"column":2},"end":{"line":214,"column":4}},"73":{"start":{"line":216,"column":0},"end":{"line":216,"column":55}},"74":{"start":{"line":225,"column":29},"end":{"line":240,"column":1}},"75":{"start":{"line":228,"column":2},"end":{"line":228,"column":69}},"76":{"start":{"line":229,"column":2},"end":{"line":231,"column":3}},"77":{"start":{"line":230,"column":4},"end":{"line":230,"column":56}},"78":{"start":{"line":233,"column":2},"end":{"line":233,"column":22}},"79":{"start":{"line":235,"column":2},"end":{"line":239,"column":4}},"80":{"start":{"line":241,"column":0},"end":{"line":241,"column":59}},"81":{"start":{"line":250,"column":22},"end":{"line":298,"column":1}},"82":{"start":{"line":252,"column":13},"end":{"line":252,"column":21}},"83":{"start":{"line":254,"column":2},"end":{"line":254,"column":62}},"84":{"start":{"line":256,"column":2},"end":{"line":262,"column":3}},"85":{"start":{"line":257,"column":4},"end":{"line":261,"column":6}},"86":{"start":{"line":264,"column":2},"end":{"line":270,"column":3}},"87":{"start":{"line":265,"column":4},"end":{"line":269,"column":6}},"88":{"start":{"line":272,"column":2},"end":{"line":272,"column":36}},"89":{"start":{"line":273,"column":2},"end":{"line":273,"column":38}},"90":{"start":{"line":274,"column":2},"end":{"line":292,"column":3}},"91":{"start":{"line":275,"column":4},"end":{"line":285,"column":5}},"92":{"start":{"line":276,"column":6},"end":{"line":282,"column":7}},"93":{"start":{"line":277,"column":8},"end":{"line":277,"column":65}},"94":{"start":{"line":278,"column":13},"end":{"line":282,"column":7}},"95":{"start":{"line":279,"column":8},"end":{"line":279,"column":64}},"96":{"start":{"line":281,"column":8},"end":{"line":281,"column":63}},"97":{"start":{"line":283,"column":6},"end":{"line":283,"column":49}},"98":{"start":{"line":284,"column":6},"end":{"line":284,"column":71}},"99":{"start":{"line":286,"column":4},"end":{"line":286,"column":47}},"100":{"start":{"line":287,"column":4},"end":{"line":291,"column":6}},"101":{"start":{"line":293,"column":2},"end":{"line":297,"column":4}},"102":{"start":{"line":299,"column":0},"end":{"line":299,"column":45}},"103":{"start":{"line":308,"column":15},"end":{"line":336,"column":1}},"104":{"start":{"line":309,"column":2},"end":{"line":309,"column":49}},"105":{"start":{"line":311,"column":2},"end":{"line":311,"column":18}},"106":{"start":{"line":312,"column":14},"end":{"line":312,"column":38}},"107":{"start":{"line":314,"column":21},"end":{"line":314,"column":39}},"108":{"start":{"line":316,"column":2},"end":{"line":320,"column":3}},"109":{"start":{"line":316,"column":15},"end":{"line":316,"column":16}},"110":{"start":{"line":317,"column":4},"end":{"line":319,"column":5}},"111":{"start":{"line":318,"column":6},"end":{"line":318,"column":32}},"112":{"start":{"line":322,"column":2},"end":{"line":322,"column":36}},"113":{"start":{"line":324,"column":2},"end":{"line":324,"column":38}},"114":{"start":{"line":325,"column":2},"end":{"line":327,"column":3}},"115":{"start":{"line":326,"column":4},"end":{"line":326,"column":56}},"116":{"start":{"line":329,"column":2},"end":{"line":335,"column":4}},"117":{"start":{"line":337,"column":0},"end":{"line":337,"column":31}},"118":{"start":{"line":345,"column":22},"end":{"line":376,"column":1}},"119":{"start":{"line":346,"column":2},"end":{"line":375,"column":3}},"120":{"start":{"line":347,"column":15},"end":{"line":357,"column":5}},"121":{"start":{"line":358,"column":15},"end":{"line":358,"column":35}},"122":{"start":{"line":359,"column":19},"end":{"line":359,"column":35}},"123":{"start":{"line":360,"column":19},"end":{"line":360,"column":37}},"124":{"start":{"line":361,"column":4},"end":{"line":361,"column":44}},"125":{"start":{"line":362,"column":4},"end":{"line":362,"column":77}},"126":{"start":{"line":363,"column":4},"end":{"line":363,"column":19}},"127":{"start":{"line":365,"column":4},"end":{"line":374,"column":6}},"128":{"start":{"line":377,"column":0},"end":{"line":377,"column":45}}},"fnMap":{"0":{"name":"(anonymous_0)","decl":{"start":{"line":21,"column":15},"end":{"line":21,"column":16}},"loc":{"start":{"line":21,"column":41},"end":{"line":51,"column":1}},"line":21},"1":{"name":"(anonymous_1)","decl":{"start":{"line":61,"column":22},"end":{"line":61,"column":23}},"loc":{"start":{"line":61,"column":48},"end":{"line":95,"column":1}},"line":61},"2":{"name":"(anonymous_2)","decl":{"start":{"line":105,"column":19},"end":{"line":105,"column":20}},"loc":{"start":{"line":105,"column":45},"end":{"line":120,"column":1}},"line":105},"3":{"name":"(anonymous_3)","decl":{"start":{"line":130,"column":14},"end":{"line":130,"column":15}},"loc":{"start":{"line":130,"column":40},"end":{"line":165,"column":1}},"line":130},"4":{"name":"(anonymous_4)","decl":{"start":{"line":175,"column":26},"end":{"line":175,"column":27}},"loc":{"start":{"line":175,"column":52},"end":{"line":190,"column":1}},"line":175},"5":{"name":"(anonymous_5)","decl":{"start":{"line":200,"column":27},"end":{"line":200,"column":28}},"loc":{"start":{"line":200,"column":53},"end":{"line":215,"column":1}},"line":200},"6":{"name":"(anonymous_6)","decl":{"start":{"line":225,"column":29},"end":{"line":225,"column":30}},"loc":{"start":{"line":225,"column":55},"end":{"line":240,"column":1}},"line":225},"7":{"name":"(anonymous_7)","decl":{"start":{"line":250,"column":22},"end":{"line":250,"column":23}},"loc":{"start":{"line":250,"column":48},"end":{"line":298,"column":1}},"line":250},"8":{"name":"(anonymous_8)","decl":{"start":{"line":308,"column":15},"end":{"line":308,"column":16}},"loc":{"start":{"line":308,"column":41},"end":{"line":336,"column":1}},"line":308},"9":{"name":"(anonymous_9)","decl":{"start":{"line":345,"column":22},"end":{"line":345,"column":23}},"loc":{"start":{"line":345,"column":48},"end":{"line":376,"column":1}},"line":345}},"branchMap":{"0":{"loc":{"start":{"line":25,"column":2},"end":{"line":27,"column":3}},"type":"if","locations":[{"start":{"line":25,"column":2},"end":{"line":27,"column":3}},{"start":{},"end":{}}],"line":25},"1":{"loc":{"start":{"line":29,"column":2},"end":{"line":50,"column":3}},"type":"if","locations":[{"start":{"line":29,"column":2},"end":{"line":50,"column":3}},{"start":{"line":31,"column":9},"end":{"line":50,"column":3}}],"line":29},"2":{"loc":{"start":{"line":29,"column":6},"end":{"line":29,"column":37}},"type":"binary-expr","locations":[{"start":{"line":29,"column":6},"end":{"line":29,"column":22}},{"start":{"line":29,"column":26},"end":{"line":29,"column":37}}],"line":29},"3":{"loc":{"start":{"line":31,"column":9},"end":{"line":50,"column":3}},"type":"if","locations":[{"start":{"line":31,"column":9},"end":{"line":50,"column":3}},{"start":{"line":33,"column":9},"end":{"line":50,"column":3}}],"line":31},"4":{"loc":{"start":{"line":37,"column":4},"end":{"line":39,"column":5}},"type":"if","locations":[{"start":{"line":37,"column":4},"end":{"line":39,"column":5}},{"start":{},"end":{}}],"line":37},"5":{"loc":{"start":{"line":77,"column":2},"end":{"line":88,"column":3}},"type":"if","locations":[{"start":{"line":77,"column":2},"end":{"line":88,"column":3}},{"start":{},"end":{}}],"line":77},"6":{"loc":{"start":{"line":78,"column":4},"end":{"line":86,"column":5}},"type":"if","locations":[{"start":{"line":78,"column":4},"end":{"line":86,"column":5}},{"start":{},"end":{}}],"line":78},"7":{"loc":{"start":{"line":79,"column":6},"end":{"line":85,"column":7}},"type":"if","locations":[{"start":{"line":79,"column":6},"end":{"line":85,"column":7}},{"start":{"line":81,"column":13},"end":{"line":85,"column":7}}],"line":79},"8":{"loc":{"start":{"line":81,"column":13},"end":{"line":85,"column":7}},"type":"if","locations":[{"start":{"line":81,"column":13},"end":{"line":85,"column":7}},{"start":{"line":83,"column":13},"end":{"line":85,"column":7}}],"line":81},"9":{"loc":{"start":{"line":133,"column":2},"end":{"line":135,"column":3}},"type":"if","locations":[{"start":{"line":133,"column":2},"end":{"line":135,"column":3}},{"start":{},"end":{}}],"line":133},"10":{"loc":{"start":{"line":138,"column":2},"end":{"line":140,"column":3}},"type":"if","locations":[{"start":{"line":138,"column":2},"end":{"line":140,"column":3}},{"start":{},"end":{}}],"line":138},"11":{"loc":{"start":{"line":143,"column":14},"end":{"line":143,"column":63}},"type":"cond-expr","locations":[{"start":{"line":143,"column":58},"end":{"line":143,"column":59}},{"start":{"line":143,"column":62},"end":{"line":143,"column":63}}],"line":143},"12":{"loc":{"start":{"line":145,"column":2},"end":{"line":153,"column":3}},"type":"if","locations":[{"start":{"line":145,"column":2},"end":{"line":153,"column":3}},{"start":{},"end":{}}],"line":145},"13":{"loc":{"start":{"line":145,"column":6},"end":{"line":145,"column":37}},"type":"binary-expr","locations":[{"start":{"line":145,"column":6},"end":{"line":145,"column":10}},{"start":{"line":145,"column":14},"end":{"line":145,"column":37}}],"line":145},"14":{"loc":{"start":{"line":179,"column":2},"end":{"line":181,"column":3}},"type":"if","locations":[{"start":{"line":179,"column":2},"end":{"line":181,"column":3}},{"start":{},"end":{}}],"line":179},"15":{"loc":{"start":{"line":204,"column":2},"end":{"line":206,"column":3}},"type":"if","locations":[{"start":{"line":204,"column":2},"end":{"line":206,"column":3}},{"start":{},"end":{}}],"line":204},"16":{"loc":{"start":{"line":229,"column":2},"end":{"line":231,"column":3}},"type":"if","locations":[{"start":{"line":229,"column":2},"end":{"line":231,"column":3}},{"start":{},"end":{}}],"line":229},"17":{"loc":{"start":{"line":256,"column":2},"end":{"line":262,"column":3}},"type":"if","locations":[{"start":{"line":256,"column":2},"end":{"line":262,"column":3}},{"start":{},"end":{}}],"line":256},"18":{"loc":{"start":{"line":264,"column":2},"end":{"line":270,"column":3}},"type":"if","locations":[{"start":{"line":264,"column":2},"end":{"line":270,"column":3}},{"start":{},"end":{}}],"line":264},"19":{"loc":{"start":{"line":274,"column":2},"end":{"line":292,"column":3}},"type":"if","locations":[{"start":{"line":274,"column":2},"end":{"line":292,"column":3}},{"start":{},"end":{}}],"line":274},"20":{"loc":{"start":{"line":275,"column":4},"end":{"line":285,"column":5}},"type":"if","locations":[{"start":{"line":275,"column":4},"end":{"line":285,"column":5}},{"start":{},"end":{}}],"line":275},"21":{"loc":{"start":{"line":276,"column":6},"end":{"line":282,"column":7}},"type":"if","locations":[{"start":{"line":276,"column":6},"end":{"line":282,"column":7}},{"start":{"line":278,"column":13},"end":{"line":282,"column":7}}],"line":276},"22":{"loc":{"start":{"line":278,"column":13},"end":{"line":282,"column":7}},"type":"if","locations":[{"start":{"line":278,"column":13},"end":{"line":282,"column":7}},{"start":{"line":280,"column":13},"end":{"line":282,"column":7}}],"line":278},"23":{"loc":{"start":{"line":317,"column":4},"end":{"line":319,"column":5}},"type":"if","locations":[{"start":{"line":317,"column":4},"end":{"line":319,"column":5}},{"start":{},"end":{}}],"line":317},"24":{"loc":{"start":{"line":325,"column":2},"end":{"line":327,"column":3}},"type":"if","locations":[{"start":{"line":325,"column":2},"end":{"line":327,"column":3}},{"start":{},"end":{}}],"line":325}},"s":{"0":1,"1":1,"2":1,"3":1,"4":1,"5":1,"6":6,"7":6,"8":6,"9":3,"10":3,"11":0,"12":3,"13":1,"14":2,"15":2,"16":1,"17":1,"18":1,"19":1,"20":3,"21":3,"22":3,"23":3,"24":3,"25":3,"26":3,"27":3,"28":3,"29":3,"30":3,"31":3,"32":2,"33":1,"34":0,"35":1,"36":1,"37":0,"38":2,"39":1,"40":1,"41":1,"42":3,"43":3,"44":3,"45":3,"46":2,"47":1,"48":1,"49":2,"50":1,"51":1,"52":1,"53":1,"54":0,"55":0,"56":0,"57":0,"58":0,"59":1,"60":1,"61":3,"62":3,"63":2,"64":1,"65":1,"66":1,"67":1,"68":3,"69":3,"70":2,"71":1,"72":1,"73":1,"74":1,"75":2,"76":2,"77":1,"78":1,"79":1,"80":1,"81":1,"82":4,"83":4,"84":4,"85":0,"86":4,"87":1,"88":3,"89":3,"90":3,"91":2,"92":1,"93":1,"94":0,"95":0,"96":0,"97":1,"98":1,"99":1,"100":1,"101":1,"102":1,"103":1,"104":3,"105":3,"106":3,"107":3,"108":3,"109":3,"110":3,"111":0,"112":3,"113":3,"114":3,"115":3,"116":0,"117":1,"118":1,"119":0,"120":0,"121":0,"122":0,"123":0,"124":0,"125":0,"126":0,"127":0,"128":1},"f":{"0":6,"1":3,"2":3,"3":2,"4":3,"5":3,"6":2,"7":4,"8":3,"9":0},"b":{"0":[3,3],"1":[0,3],"2":[3,3],"3":[1,2],"4":[1,1],"5":[2,1],"6":[1,1],"7":[0,1],"8":[1,0],"9":[1,1],"10":[1,0],"11":[0,0],"12":[0,0],"13":[0,0],"14":[2,1],"15":[2,1],"16":[1,1],"17":[0,4],"18":[1,3],"19":[2,1],"20":[1,1],"21":[1,0],"22":[0,0],"23":[0,3],"24":[3,0]},"_coverageSchema":"1a1c01bbd47fc00a2c39e90264f33305004495a9","hash":"86dfe3db449ce388e7fe9678be5720fbbb45f683"}
}
