TN:
SF:controllers/user.controller.js
FN:21,(anonymous_0)
FN:61,(anonymous_1)
FN:105,(anonymous_2)
FN:130,(anonymous_3)
FN:175,(anonymous_4)
FN:200,(anonymous_5)
FN:225,(anonymous_6)
FN:250,(anonymous_7)
FN:308,(anonymous_8)
FN:345,(anonymous_9)
FNF:10
FNH:9
FNDA:6,(anonymous_0)
FNDA:3,(anonymous_1)
FNDA:3,(anonymous_2)
FNDA:2,(anonymous_3)
FNDA:3,(anonymous_4)
FNDA:3,(anonymous_5)
FNDA:2,(anonymous_6)
FNDA:4,(anonymous_7)
FNDA:3,(anonymous_8)
FNDA:0,(anonymous_9)
DA:1,1
DA:9,1
DA:10,1
DA:11,1
DA:12,1
DA:21,1
DA:22,6
DA:23,6
DA:25,6
DA:26,3
DA:29,3
DA:30,0
DA:31,3
DA:32,1
DA:36,2
DA:37,2
DA:38,1
DA:41,1
DA:52,1
DA:61,1
DA:62,3
DA:64,3
DA:65,3
DA:67,3
DA:68,3
DA:69,3
DA:70,3
DA:71,3
DA:72,3
DA:74,3
DA:76,3
DA:77,3
DA:78,2
DA:79,1
DA:80,0
DA:81,1
DA:82,1
DA:84,0
DA:87,2
DA:90,1
DA:96,1
DA:105,1
DA:106,3
DA:107,3
DA:108,3
DA:110,3
DA:112,2
DA:121,1
DA:130,1
DA:133,2
DA:134,1
DA:137,1
DA:138,1
DA:139,1
DA:142,0
DA:143,0
DA:145,0
DA:146,0
DA:155,0
DA:166,1
DA:175,1
DA:178,3
DA:179,3
DA:180,2
DA:183,1
DA:185,1
DA:191,1
DA:200,1
DA:203,3
DA:204,3
DA:205,2
DA:208,1
DA:210,1
DA:216,1
DA:225,1
DA:228,2
DA:229,2
DA:230,1
DA:233,1
DA:235,1
DA:241,1
DA:250,1
DA:252,4
DA:254,4
DA:256,4
DA:257,0
DA:264,4
DA:265,1
DA:272,3
DA:273,3
DA:274,3
DA:275,2
DA:276,1
DA:277,1
DA:278,0
DA:279,0
DA:281,0
DA:283,1
DA:284,1
DA:286,1
DA:287,1
DA:293,1
DA:299,1
DA:308,1
DA:309,3
DA:311,3
DA:312,3
DA:314,3
DA:316,3
DA:317,3
DA:318,0
DA:322,3
DA:324,3
DA:325,3
DA:326,3
DA:329,0
DA:337,1
DA:345,1
DA:346,0
DA:347,0
DA:358,0
DA:359,0
DA:360,0
DA:361,0
DA:362,0
DA:363,0
DA:365,0
DA:377,1
LF:128
LH:105
BRDA:25,0,0,3
BRDA:25,0,1,3
BRDA:29,1,0,0
BRDA:29,1,1,3
BRDA:29,2,0,3
BRDA:29,2,1,3
BRDA:31,3,0,1
BRDA:31,3,1,2
BRDA:37,4,0,1
BRDA:37,4,1,1
BRDA:77,5,0,2
BRDA:77,5,1,1
BRDA:78,6,0,1
BRDA:78,6,1,1
BRDA:79,7,0,0
BRDA:79,7,1,1
BRDA:81,8,0,1
BRDA:81,8,1,0
BRDA:133,9,0,1
BRDA:133,9,1,1
BRDA:138,10,0,1
BRDA:138,10,1,0
BRDA:143,11,0,0
BRDA:143,11,1,0
BRDA:145,12,0,0
BRDA:145,12,1,0
BRDA:145,13,0,0
BRDA:145,13,1,0
BRDA:179,14,0,2
BRDA:179,14,1,1
BRDA:204,15,0,2
BRDA:204,15,1,1
BRDA:229,16,0,1
BRDA:229,16,1,1
BRDA:256,17,0,0
BRDA:256,17,1,4
BRDA:264,18,0,1
BRDA:264,18,1,3
BRDA:274,19,0,2
BRDA:274,19,1,1
BRDA:275,20,0,1
BRDA:275,20,1,1
BRDA:276,21,0,1
BRDA:276,21,1,0
BRDA:278,22,0,0
BRDA:278,22,1,0
BRDA:317,23,0,0
BRDA:317,23,1,3
BRDA:325,24,0,3
BRDA:325,24,1,0
BRF:50
BRH:34
end_of_record
